{"name": "test_count_today_orders_changed[firefox]", "status": "broken", "statusDetails": {"message": "selenium.common.exceptions.ElementClickInterceptedException: Message: Element <p class=\"AppHeader_header__linkText__3q_va ml-2\"> is not clickable at point (300,44) because another element <div class=\"Modal_modal__contentBox__sCy8X pt-30 pb-30\"> obscures it\nStacktrace:\nRemoteError@chrome://remote/content/shared/RemoteError.sys.mjs:8:8\nWebDriverError@chrome://remote/content/shared/webdriver/Errors.sys.mjs:191:5\nElementClickInterceptedError@chrome://remote/content/shared/webdriver/Errors.sys.mjs:335:5\nwebdriverClickElement@chrome://remote/content/marionette/interaction.sys.mjs:176:11\ninteraction.clickElement@chrome://remote/content/marionette/interaction.sys.mjs:135:11\nclickElement@chrome://remote/content/marionette/actors/MarionetteCommandsChild.sys.mjs:204:29\nreceiveMessage@chrome://remote/content/marionette/actors/MarionetteCommandsChild.sys.mjs:84:31", "trace": "self = <test_order_feed.TestFeedOrder object at 0x1074b7890>\ndriver = <selenium.webdriver.firefox.webdriver.WebDriver (session=\"10cdb328-b8c1-4175-9571-4698205d4f55\")>\n\n    def test_count_today_orders_changed(self, driver):\n        feed_order = FeedOrder(driver)\n        feed_order.go_to_site(urls.MAIN_PAGE_URL)\n        feed_order.wait_for_invisibility_element(Locators.PRELOADER_ANIMATION)\n        feed_order.click_personal_account_button()\n        feed_order.make_authorization()\n        feed_order.wait_for_invisibility_element(Locators.PRELOADER_ANIMATION)\n        feed_order.wait_for_feed_clickable()\n        feed_order.click_order_feed()\n        old_orders_today_number = feed_order.get_today_orders_number()\n        feed_order.click_constructor_button()\n        feed_order.drag_element_and_drop(Locators.CRATOR_BUN, Locators.TARGET_BASKET)\n        feed_order.click_create_order()\n        feed_order.click_close_order()\n        feed_order.wait_for_invisibility_element(Locators.PRELOADER_ANIMATION)\n>       feed_order.click_order_feed()\n\ntests/test_order_feed.py:67: \n_ _ _ _ _ _ _ _ _ _ _ _ _ _ _ _ _ _ _ _ _ _ _ _ _ _ _ _ _ _ _ _ _ _ _ _ _ _ _ _ _ _ _ _ _ _ _ _ _ _ _ _ _ _ _ _ _ _ _ _ _ _ _ _ _ _ _ _ _ _ _ _ _ _ _ _ _ _ _ _ _ \npages/order_feed_page.py:15: in click_order_feed\n    self.find_element_located_click(Locators.ORDER_FEED_BUTTON)\npages/base_page.py:18: in find_element_located_click\n    message=f'Element not found in {locator}').click()\nvenv/lib/python3.11/site-packages/selenium/webdriver/remote/webelement.py:94: in click\n    self._execute(Command.CLICK_ELEMENT)\nvenv/lib/python3.11/site-packages/selenium/webdriver/remote/webelement.py:395: in _execute\n    return self._parent.execute(command, params)\nvenv/lib/python3.11/site-packages/selenium/webdriver/remote/webdriver.py:347: in execute\n    self.error_handler.check_response(response)\n_ _ _ _ _ _ _ _ _ _ _ _ _ _ _ _ _ _ _ _ _ _ _ _ _ _ _ _ _ _ _ _ _ _ _ _ _ _ _ _ _ _ _ _ _ _ _ _ _ _ _ _ _ _ _ _ _ _ _ _ _ _ _ _ _ _ _ _ _ _ _ _ _ _ _ _ _ _ _ _ _ \n\nself = <selenium.webdriver.remote.errorhandler.ErrorHandler object at 0x1075e4910>\nresponse = {'status': 400, 'value': '{\"value\":{\"error\":\"element click intercepted\",\"message\":\"Element <p class=\\\\\"AppHeader_heade...sys.mjs:204:29\\\\nreceiveMessage@chrome://remote/content/marionette/actors/MarionetteCommandsChild.sys.mjs:84:31\\\\n\"}}'}\n\n    def check_response(self, response: Dict[str, Any]) -> None:\n        \"\"\"Checks that a JSON response from the WebDriver does not have an\n        error.\n    \n        :Args:\n         - response - The JSON response from the WebDriver server as a dictionary\n           object.\n    \n        :Raises: If the response contains an error message.\n        \"\"\"\n        status = response.get(\"status\", None)\n        if not status or status == ErrorCode.SUCCESS:\n            return\n        value = None\n        message = response.get(\"message\", \"\")\n        screen: str = response.get(\"screen\", \"\")\n        stacktrace = None\n        if isinstance(status, int):\n            value_json = response.get(\"value\", None)\n            if value_json and isinstance(value_json, str):\n                import json\n    \n                try:\n                    value = json.loads(value_json)\n                    if len(value) == 1:\n                        value = value[\"value\"]\n                    status = value.get(\"error\", None)\n                    if not status:\n                        status = value.get(\"status\", ErrorCode.UNKNOWN_ERROR)\n                        message = value.get(\"value\") or value.get(\"message\")\n                        if not isinstance(message, str):\n                            value = message\n                            message = message.get(\"message\")\n                    else:\n                        message = value.get(\"message\", None)\n                except ValueError:\n                    pass\n    \n        exception_class: Type[WebDriverException]\n        e = ErrorCode()\n        error_codes = [item for item in dir(e) if not item.startswith(\"__\")]\n        for error_code in error_codes:\n            error_info = getattr(ErrorCode, error_code)\n            if isinstance(error_info, list) and status in error_info:\n                exception_class = getattr(ExceptionMapping, error_code, WebDriverException)\n                break\n        else:\n            exception_class = WebDriverException\n    \n        if not value:\n            value = response[\"value\"]\n        if isinstance(value, str):\n            raise exception_class(value)\n        if message == \"\" and \"message\" in value:\n            message = value[\"message\"]\n    \n        screen = None  # type: ignore[assignment]\n        if \"screen\" in value:\n            screen = value[\"screen\"]\n    \n        stacktrace = None\n        st_value = value.get(\"stackTrace\") or value.get(\"stacktrace\")\n        if st_value:\n            if isinstance(st_value, str):\n                stacktrace = st_value.split(\"\\n\")\n            else:\n                stacktrace = []\n                try:\n                    for frame in st_value:\n                        line = frame.get(\"lineNumber\", \"\")\n                        file = frame.get(\"fileName\", \"<anonymous>\")\n                        if line:\n                            file = f\"{file}:{line}\"\n                        meth = frame.get(\"methodName\", \"<anonymous>\")\n                        if \"className\" in frame:\n                            meth = f\"{frame['className']}.{meth}\"\n                        msg = \"    at %s (%s)\"\n                        msg = msg % (meth, file)\n                        stacktrace.append(msg)\n                except TypeError:\n                    pass\n        if exception_class == UnexpectedAlertPresentException:\n            alert_text = None\n            if \"data\" in value:\n                alert_text = value[\"data\"].get(\"text\")\n            elif \"alert\" in value:\n                alert_text = value[\"alert\"].get(\"text\")\n            raise exception_class(message, screen, stacktrace, alert_text)  # type: ignore[call-arg]  # mypy is not smart enough here\n>       raise exception_class(message, screen, stacktrace)\nE       selenium.common.exceptions.ElementClickInterceptedException: Message: Element <p class=\"AppHeader_header__linkText__3q_va ml-2\"> is not clickable at point (300,44) because another element <div class=\"Modal_modal__contentBox__sCy8X pt-30 pb-30\"> obscures it\nE       Stacktrace:\nE       RemoteError@chrome://remote/content/shared/RemoteError.sys.mjs:8:8\nE       WebDriverError@chrome://remote/content/shared/webdriver/Errors.sys.mjs:191:5\nE       ElementClickInterceptedError@chrome://remote/content/shared/webdriver/Errors.sys.mjs:335:5\nE       webdriverClickElement@chrome://remote/content/marionette/interaction.sys.mjs:176:11\nE       interaction.clickElement@chrome://remote/content/marionette/interaction.sys.mjs:135:11\nE       clickElement@chrome://remote/content/marionette/actors/MarionetteCommandsChild.sys.mjs:204:29\nE       receiveMessage@chrome://remote/content/marionette/actors/MarionetteCommandsChild.sys.mjs:84:31\n\nvenv/lib/python3.11/site-packages/selenium/webdriver/remote/errorhandler.py:229: ElementClickInterceptedException"}, "steps": [{"name": "Click personal account button", "status": "passed", "start": 1709832061434, "stop": 1709832061687}, {"name": "Enter authorization data", "status": "passed", "start": 1709832061687, "stop": 1709832062229}, {"name": "Wait for Feed clickable", "status": "passed", "start": 1709832062751, "stop": 1709832062770}, {"name": "Click order feed button", "status": "passed", "start": 1709832062770, "stop": 1709832062990}, {"name": "Get today orders number", "status": "passed", "start": 1709832062990, "stop": 1709832063516}, {"name": "Click Constructor button", "status": "passed", "start": 1709832063516, "stop": 1709832063744}, {"name": "Drag element and drop", "status": "passed", "parameters": [{"name": "source_locator", "value": "('xpath', \"//img[@alt='Краторная булка N-200i']\")"}, {"name": "target_locator", "value": "('xpath', '//div/main/section[2]/ul/li[1]')"}], "start": 1709832063744, "stop": 1709832064289}, {"name": "Click create order", "status": "passed", "start": 1709832064289, "stop": 1709832064527}, {"name": "Click close order", "status": "passed", "start": 1709832064527, "stop": 1709832064738}, {"name": "Click order feed button", "status": "broken", "statusDetails": {"message": "selenium.common.exceptions.ElementClickInterceptedException: Message: Element <p class=\"AppHeader_header__linkText__3q_va ml-2\"> is not clickable at point (300,44) because another element <div class=\"Modal_modal__contentBox__sCy8X pt-30 pb-30\"> obscures it\nStacktrace:\nRemoteError@chrome://remote/content/shared/RemoteError.sys.mjs:8:8\nWebDriverError@chrome://remote/content/shared/webdriver/Errors.sys.mjs:191:5\nElementClickInterceptedError@chrome://remote/content/shared/webdriver/Errors.sys.mjs:335:5\nwebdriverClickElement@chrome://remote/content/marionette/interaction.sys.mjs:176:11\ninteraction.clickElement@chrome://remote/content/marionette/interaction.sys.mjs:135:11\nclickElement@chrome://remote/content/marionette/actors/MarionetteCommandsChild.sys.mjs:204:29\nreceiveMessage@chrome://remote/content/marionette/actors/MarionetteCommandsChild.sys.mjs:84:31\n\n", "trace": "  File \"/Users/mikhailstashenok/Diplom_3_Stashenok_Mikhail/venv/lib/python3.11/site-packages/allure_commons/_allure.py\", line 192, in impl\n    return func(*a, **kw)\n           ^^^^^^^^^^^^^^\n  File \"/Users/mikhailstashenok/Diplom_3_Stashenok_Mikhail/pages/order_feed_page.py\", line 15, in click_order_feed\n    self.find_element_located_click(Locators.ORDER_FEED_BUTTON)\n  File \"/Users/mikhailstashenok/Diplom_3_Stashenok_Mikhail/pages/base_page.py\", line 18, in find_element_located_click\n    message=f'Element not found in {locator}').click()\n                                               ^^^^^^^\n  File \"/Users/mikhailstashenok/Diplom_3_Stashenok_Mikhail/venv/lib/python3.11/site-packages/selenium/webdriver/remote/webelement.py\", line 94, in click\n    self._execute(Command.CLICK_ELEMENT)\n  File \"/Users/mikhailstashenok/Diplom_3_Stashenok_Mikhail/venv/lib/python3.11/site-packages/selenium/webdriver/remote/webelement.py\", line 395, in _execute\n    return self._parent.execute(command, params)\n           ^^^^^^^^^^^^^^^^^^^^^^^^^^^^^^^^^^^^^\n  File \"/Users/mikhailstashenok/Diplom_3_Stashenok_Mikhail/venv/lib/python3.11/site-packages/selenium/webdriver/remote/webdriver.py\", line 347, in execute\n    self.error_handler.check_response(response)\n  File \"/Users/mikhailstashenok/Diplom_3_Stashenok_Mikhail/venv/lib/python3.11/site-packages/selenium/webdriver/remote/errorhandler.py\", line 229, in check_response\n    raise exception_class(message, screen, stacktrace)\n"}, "start": 1709832064746, "stop": 1709832064750}], "parameters": [{"name": "driver", "value": "'firefox'"}], "start": 1709832060782, "stop": 1709832064751, "uuid": "3b2d8562-d49a-41f1-b46f-1c799a69c8cd", "historyId": "6f6c3461284a934cc308b104e4ac6ba0", "testCaseId": "c868c3ad7651235061f1e94ac6e4d9be", "fullName": "tests.test_order_feed.TestFeedOrder#test_count_today_orders_changed", "labels": [{"name": "parentSuite", "value": "tests"}, {"name": "suite", "value": "test_order_feed"}, {"name": "subSuite", "value": "TestFeedOrder"}, {"name": "host", "value": "Mikhails-MacBook-Air.local"}, {"name": "thread", "value": "32752-MainThread"}, {"name": "framework", "value": "pytest"}, {"name": "language", "value": "cpython3"}, {"name": "package", "value": "tests.test_order_feed"}]}