{"name": "test_exit_personal_account[firefox]", "status": "broken", "statusDetails": {"message": "selenium.common.exceptions.ElementClickInterceptedException: Message: Element <button class=\"Account_button__14Yp3 text text_type_main-medium text_color_inactive\" type=\"button\"> is not clickable at point (56,373) because another element <div class=\"Modal_modal_overlay__x2ZCr\"> obscures it\nStacktrace:\nRemoteError@chrome://remote/content/shared/RemoteError.sys.mjs:8:8\nWebDriverError@chrome://remote/content/shared/webdriver/Errors.sys.mjs:189:5\nElementClickInterceptedError@chrome://remote/content/shared/webdriver/Errors.sys.mjs:333:5\nwebdriverClickElement@chrome://remote/content/marionette/interaction.sys.mjs:176:11\ninteraction.clickElement@chrome://remote/content/marionette/interaction.sys.mjs:135:11\nclickElement@chrome://remote/content/marionette/actors/MarionetteCommandsChild.sys.mjs:204:29\nreceiveMessage@chrome://remote/content/marionette/actors/MarionetteCommandsChild.sys.mjs:84:31", "trace": "self = <test_personal_account.TestPersonalAccount object at 0x104d3e710>\ndriver = <selenium.webdriver.firefox.webdriver.WebDriver (session=\"1195bb3e-d250-41aa-a1d3-9167d279879a\")>\n\n    def test_exit_personal_account(self, driver):\n        personal_acc = PersonalAccount(driver)\n        personal_acc.go_to_site('https://stellarburgers.nomoreparties.site/')\n        personal_acc.wait_for_invisibility_element(Locators.PRELOADER_ANIMATION)\n        personal_acc.click_personal_account_button()\n        personal_acc.make_authorization()\n        personal_acc.wait_for_invisibility_element(Locators.PRELOADER_ANIMATION)\n        personal_acc.wait_to_be_clickable(Locators.PROFILE_BUTTON)\n        personal_acc.click_personal_account_button()\n        personal_acc.wait_for_invisibility_element(Locators.PRELOADER_ANIMATION)\n        personal_acc.wait_for_visibility(Locators.EXIT_BUTTON)\n        personal_acc.wait_to_be_clickable(Locators.EXIT_BUTTON)\n>       personal_acc.click_exit_button()\n\ntests/test_personal_account.py:40: \n_ _ _ _ _ _ _ _ _ _ _ _ _ _ _ _ _ _ _ _ _ _ _ _ _ _ _ _ _ _ _ _ _ _ _ _ _ _ _ _ _ _ _ _ _ _ _ _ _ _ _ _ _ _ _ _ _ _ _ _ _ _ _ _ _ _ _ _ _ _ _ _ _ _ _ _ _ _ _ _ _ \npages/personal_account_page.py:30: in click_exit_button\n    self.find_element_located(Locators.EXIT_BUTTON).click()\nvenv/lib/python3.11/site-packages/selenium/webdriver/remote/webelement.py:94: in click\n    self._execute(Command.CLICK_ELEMENT)\nvenv/lib/python3.11/site-packages/selenium/webdriver/remote/webelement.py:395: in _execute\n    return self._parent.execute(command, params)\nvenv/lib/python3.11/site-packages/selenium/webdriver/remote/webdriver.py:347: in execute\n    self.error_handler.check_response(response)\n_ _ _ _ _ _ _ _ _ _ _ _ _ _ _ _ _ _ _ _ _ _ _ _ _ _ _ _ _ _ _ _ _ _ _ _ _ _ _ _ _ _ _ _ _ _ _ _ _ _ _ _ _ _ _ _ _ _ _ _ _ _ _ _ _ _ _ _ _ _ _ _ _ _ _ _ _ _ _ _ _ \n\nself = <selenium.webdriver.remote.errorhandler.ErrorHandler object at 0x104e3e150>\nresponse = {'status': 400, 'value': '{\"value\":{\"error\":\"element click intercepted\",\"message\":\"Element <button class=\\\\\"Account_bu...sys.mjs:204:29\\\\nreceiveMessage@chrome://remote/content/marionette/actors/MarionetteCommandsChild.sys.mjs:84:31\\\\n\"}}'}\n\n    def check_response(self, response: Dict[str, Any]) -> None:\n        \"\"\"Checks that a JSON response from the WebDriver does not have an\n        error.\n    \n        :Args:\n         - response - The JSON response from the WebDriver server as a dictionary\n           object.\n    \n        :Raises: If the response contains an error message.\n        \"\"\"\n        status = response.get(\"status\", None)\n        if not status or status == ErrorCode.SUCCESS:\n            return\n        value = None\n        message = response.get(\"message\", \"\")\n        screen: str = response.get(\"screen\", \"\")\n        stacktrace = None\n        if isinstance(status, int):\n            value_json = response.get(\"value\", None)\n            if value_json and isinstance(value_json, str):\n                import json\n    \n                try:\n                    value = json.loads(value_json)\n                    if len(value) == 1:\n                        value = value[\"value\"]\n                    status = value.get(\"error\", None)\n                    if not status:\n                        status = value.get(\"status\", ErrorCode.UNKNOWN_ERROR)\n                        message = value.get(\"value\") or value.get(\"message\")\n                        if not isinstance(message, str):\n                            value = message\n                            message = message.get(\"message\")\n                    else:\n                        message = value.get(\"message\", None)\n                except ValueError:\n                    pass\n    \n        exception_class: Type[WebDriverException]\n        e = ErrorCode()\n        error_codes = [item for item in dir(e) if not item.startswith(\"__\")]\n        for error_code in error_codes:\n            error_info = getattr(ErrorCode, error_code)\n            if isinstance(error_info, list) and status in error_info:\n                exception_class = getattr(ExceptionMapping, error_code, WebDriverException)\n                break\n        else:\n            exception_class = WebDriverException\n    \n        if not value:\n            value = response[\"value\"]\n        if isinstance(value, str):\n            raise exception_class(value)\n        if message == \"\" and \"message\" in value:\n            message = value[\"message\"]\n    \n        screen = None  # type: ignore[assignment]\n        if \"screen\" in value:\n            screen = value[\"screen\"]\n    \n        stacktrace = None\n        st_value = value.get(\"stackTrace\") or value.get(\"stacktrace\")\n        if st_value:\n            if isinstance(st_value, str):\n                stacktrace = st_value.split(\"\\n\")\n            else:\n                stacktrace = []\n                try:\n                    for frame in st_value:\n                        line = frame.get(\"lineNumber\", \"\")\n                        file = frame.get(\"fileName\", \"<anonymous>\")\n                        if line:\n                            file = f\"{file}:{line}\"\n                        meth = frame.get(\"methodName\", \"<anonymous>\")\n                        if \"className\" in frame:\n                            meth = f\"{frame['className']}.{meth}\"\n                        msg = \"    at %s (%s)\"\n                        msg = msg % (meth, file)\n                        stacktrace.append(msg)\n                except TypeError:\n                    pass\n        if exception_class == UnexpectedAlertPresentException:\n            alert_text = None\n            if \"data\" in value:\n                alert_text = value[\"data\"].get(\"text\")\n            elif \"alert\" in value:\n                alert_text = value[\"alert\"].get(\"text\")\n            raise exception_class(message, screen, stacktrace, alert_text)  # type: ignore[call-arg]  # mypy is not smart enough here\n>       raise exception_class(message, screen, stacktrace)\nE       selenium.common.exceptions.ElementClickInterceptedException: Message: Element <button class=\"Account_button__14Yp3 text text_type_main-medium text_color_inactive\" type=\"button\"> is not clickable at point (56,373) because another element <div class=\"Modal_modal_overlay__x2ZCr\"> obscures it\nE       Stacktrace:\nE       RemoteError@chrome://remote/content/shared/RemoteError.sys.mjs:8:8\nE       WebDriverError@chrome://remote/content/shared/webdriver/Errors.sys.mjs:189:5\nE       ElementClickInterceptedError@chrome://remote/content/shared/webdriver/Errors.sys.mjs:333:5\nE       webdriverClickElement@chrome://remote/content/marionette/interaction.sys.mjs:176:11\nE       interaction.clickElement@chrome://remote/content/marionette/interaction.sys.mjs:135:11\nE       clickElement@chrome://remote/content/marionette/actors/MarionetteCommandsChild.sys.mjs:204:29\nE       receiveMessage@chrome://remote/content/marionette/actors/MarionetteCommandsChild.sys.mjs:84:31\n\nvenv/lib/python3.11/site-packages/selenium/webdriver/remote/errorhandler.py:229: ElementClickInterceptedException"}, "steps": [{"name": "Click personal account button", "status": "passed", "start": 1709656470393, "stop": 1709656470634}, {"name": "Enter authorization data", "status": "passed", "start": 1709656470634, "stop": 1709656470926}, {"name": "Click personal account button", "status": "passed", "start": 1709656471467, "stop": 1709656471684}, {"name": "Exit from personal account", "status": "broken", "statusDetails": {"message": "selenium.common.exceptions.ElementClickInterceptedException: Message: Element <button class=\"Account_button__14Yp3 text text_type_main-medium text_color_inactive\" type=\"button\"> is not clickable at point (56,373) because another element <div class=\"Modal_modal_overlay__x2ZCr\"> obscures it\nStacktrace:\nRemoteError@chrome://remote/content/shared/RemoteError.sys.mjs:8:8\nWebDriverError@chrome://remote/content/shared/webdriver/Errors.sys.mjs:189:5\nElementClickInterceptedError@chrome://remote/content/shared/webdriver/Errors.sys.mjs:333:5\nwebdriverClickElement@chrome://remote/content/marionette/interaction.sys.mjs:176:11\ninteraction.clickElement@chrome://remote/content/marionette/interaction.sys.mjs:135:11\nclickElement@chrome://remote/content/marionette/actors/MarionetteCommandsChild.sys.mjs:204:29\nreceiveMessage@chrome://remote/content/marionette/actors/MarionetteCommandsChild.sys.mjs:84:31\n\n", "trace": "  File \"/Users/mikhailstashenok/Diplom_3_Stashenok_Mikhail/venv/lib/python3.11/site-packages/allure_commons/_allure.py\", line 192, in impl\n    return func(*a, **kw)\n           ^^^^^^^^^^^^^^\n  File \"/Users/mikhailstashenok/Diplom_3_Stashenok_Mikhail/pages/personal_account_page.py\", line 30, in click_exit_button\n    self.find_element_located(Locators.EXIT_BUTTON).click()\n  File \"/Users/mikhailstashenok/Diplom_3_Stashenok_Mikhail/venv/lib/python3.11/site-packages/selenium/webdriver/remote/webelement.py\", line 94, in click\n    self._execute(Command.CLICK_ELEMENT)\n  File \"/Users/mikhailstashenok/Diplom_3_Stashenok_Mikhail/venv/lib/python3.11/site-packages/selenium/webdriver/remote/webelement.py\", line 395, in _execute\n    return self._parent.execute(command, params)\n           ^^^^^^^^^^^^^^^^^^^^^^^^^^^^^^^^^^^^^\n  File \"/Users/mikhailstashenok/Diplom_3_Stashenok_Mikhail/venv/lib/python3.11/site-packages/selenium/webdriver/remote/webdriver.py\", line 347, in execute\n    self.error_handler.check_response(response)\n  File \"/Users/mikhailstashenok/Diplom_3_Stashenok_Mikhail/venv/lib/python3.11/site-packages/selenium/webdriver/remote/errorhandler.py\", line 229, in check_response\n    raise exception_class(message, screen, stacktrace)\n"}, "start": 1709656471710, "stop": 1709656471720}], "parameters": [{"name": "driver", "value": "'firefox'"}], "start": 1709656469738, "stop": 1709656471721, "uuid": "ae9569dd-611f-418c-9aa6-e9e88265f550", "historyId": "edce95f786d97dce37a2e81154de7753", "testCaseId": "fe445c6d043439ac3b84d633dd39315f", "fullName": "tests.test_personal_account.TestPersonalAccount#test_exit_personal_account", "labels": [{"name": "parentSuite", "value": "tests"}, {"name": "suite", "value": "test_personal_account"}, {"name": "subSuite", "value": "TestPersonalAccount"}, {"name": "host", "value": "Mikhails-MacBook-Air.local"}, {"name": "thread", "value": "13775-MainThread"}, {"name": "framework", "value": "pytest"}, {"name": "language", "value": "cpython3"}, {"name": "package", "value": "tests.test_personal_account"}]}