{"name": "test_order_in_history_displayed_in_feed[firefox]", "status": "broken", "statusDetails": {"message": "selenium.common.exceptions.TimeoutException: Message: Element not found in ('xpath', '//*[@id=\"root\"]/div/main/div/div/div/ul/li[1]/a/div[1]/p[1]')\nStacktrace:\nRemoteError@chrome://remote/content/shared/RemoteError.sys.mjs:8:8\nWebDriverError@chrome://remote/content/shared/webdriver/Errors.sys.mjs:191:5\nNoSuchElementError@chrome://remote/content/shared/webdriver/Errors.sys.mjs:509:5\ndom.find/</<@chrome://remote/content/shared/DOM.sys.mjs:136:16", "trace": "self = <test_order_feed.TestFeedOrder object at 0x10750ce50>\ndriver = <selenium.webdriver.firefox.webdriver.WebDriver (session=\"b10b8cd8-503c-4a66-9582-24d2847e4f5c\")>\n\n    def test_order_in_history_displayed_in_feed(self, driver):\n        feed_order = FeedOrder(driver)\n        feed_order.go_to_site(urls.MAIN_PAGE_URL)\n        feed_order.wait_for_invisibility_element(Locators.PRELOADER_ANIMATION)\n        feed_order.click_personal_account_button()\n        feed_order.make_authorization()\n        feed_order.wait_for_invisibility_element(Locators.PRELOADER_ANIMATION)\n        feed_order.drag_element_and_drop(Locators.CRATOR_BUN, Locators.TARGET_BASKET)\n        feed_order.click_create_order()\n        feed_order.click_close_order()\n        feed_order.wait_for_invisibility_element(Locators.CLOSE_ORDER)\n        feed_order.click_personal_account_button()\n        feed_order.wait_for_invisibility_element(Locators.MODAL_OVERLAY)\n        feed_order.click_order_history_button_1()\n>       order_number_history = feed_order.get_order_number_from_history()\n\ntests/test_order_feed.py:30: \n_ _ _ _ _ _ _ _ _ _ _ _ _ _ _ _ _ _ _ _ _ _ _ _ _ _ _ _ _ _ _ _ _ _ _ _ _ _ _ _ _ _ _ _ _ _ _ _ _ _ _ _ _ _ _ _ _ _ _ _ _ _ _ _ _ _ _ _ _ _ _ _ _ _ _ _ _ _ _ _ _ \npages/order_feed_page.py:63: in get_order_number_from_history\n    order_number = self.find_element_located(Locators.ORDER_NUMBER_HISTORY).text\npages/base_page.py:13: in find_element_located\n    return WebDriverWait(self.driver, time).until(EC.presence_of_element_located(locator),\n_ _ _ _ _ _ _ _ _ _ _ _ _ _ _ _ _ _ _ _ _ _ _ _ _ _ _ _ _ _ _ _ _ _ _ _ _ _ _ _ _ _ _ _ _ _ _ _ _ _ _ _ _ _ _ _ _ _ _ _ _ _ _ _ _ _ _ _ _ _ _ _ _ _ _ _ _ _ _ _ _ \n\nself = <selenium.webdriver.support.wait.WebDriverWait (session=\"b10b8cd8-503c-4a66-9582-24d2847e4f5c\")>\nmethod = <function presence_of_element_located.<locals>._predicate at 0x110b33d80>\nmessage = 'Element not found in (\\'xpath\\', \\'//*[@id=\"root\"]/div/main/div/div/div/ul/li[1]/a/div[1]/p[1]\\')'\n\n    def until(self, method: Callable[[D], Union[Literal[False], T]], message: str = \"\") -> T:\n        \"\"\"Calls the method provided with the driver as an argument until the \\\n        return value does not evaluate to ``False``.\n    \n        :param method: callable(WebDriver)\n        :param message: optional message for :exc:`TimeoutException`\n        :returns: the result of the last call to `method`\n        :raises: :exc:`selenium.common.exceptions.TimeoutException` if timeout occurs\n        \"\"\"\n        screen = None\n        stacktrace = None\n    \n        end_time = time.monotonic() + self._timeout\n        while True:\n            try:\n                value = method(self._driver)\n                if value:\n                    return value\n            except self._ignored_exceptions as exc:\n                screen = getattr(exc, \"screen\", None)\n                stacktrace = getattr(exc, \"stacktrace\", None)\n            time.sleep(self._poll)\n            if time.monotonic() > end_time:\n                break\n>       raise TimeoutException(message, screen, stacktrace)\nE       selenium.common.exceptions.TimeoutException: Message: Element not found in ('xpath', '//*[@id=\"root\"]/div/main/div/div/div/ul/li[1]/a/div[1]/p[1]')\nE       Stacktrace:\nE       RemoteError@chrome://remote/content/shared/RemoteError.sys.mjs:8:8\nE       WebDriverError@chrome://remote/content/shared/webdriver/Errors.sys.mjs:191:5\nE       NoSuchElementError@chrome://remote/content/shared/webdriver/Errors.sys.mjs:509:5\nE       dom.find/</<@chrome://remote/content/shared/DOM.sys.mjs:136:16\n\nvenv/lib/python3.11/site-packages/selenium/webdriver/support/wait.py:105: TimeoutException"}, "steps": [{"name": "Click personal account button", "status": "passed", "start": 1709832013138, "stop": 1709832013385}, {"name": "Enter authorization data", "status": "passed", "start": 1709832013385, "stop": 1709832014245}, {"name": "Drag element and drop", "status": "passed", "parameters": [{"name": "source_locator", "value": "('xpath', \"//img[@alt='Краторная булка N-200i']\")"}, {"name": "target_locator", "value": "('xpath', '//div/main/section[2]/ul/li[1]')"}], "start": 1709832014763, "stop": 1709832015286}, {"name": "Click create order", "status": "passed", "start": 1709832015286, "stop": 1709832015512}, {"name": "Click close order", "status": "passed", "start": 1709832015512, "stop": 1709832015721}, {"name": "Click personal account button", "status": "passed", "start": 1709832016243, "stop": 1709832016465}, {"name": "Get order number from history", "status": "broken", "statusDetails": {"message": "selenium.common.exceptions.TimeoutException: Message: Element not found in ('xpath', '//*[@id=\"root\"]/div/main/div/div/div/ul/li[1]/a/div[1]/p[1]')\nStacktrace:\nRemoteError@chrome://remote/content/shared/RemoteError.sys.mjs:8:8\nWebDriverError@chrome://remote/content/shared/webdriver/Errors.sys.mjs:191:5\nNoSuchElementError@chrome://remote/content/shared/webdriver/Errors.sys.mjs:509:5\ndom.find/</<@chrome://remote/content/shared/DOM.sys.mjs:136:16\n\n", "trace": "  File \"/Users/mikhailstashenok/Diplom_3_Stashenok_Mikhail/venv/lib/python3.11/site-packages/allure_commons/_allure.py\", line 192, in impl\n    return func(*a, **kw)\n           ^^^^^^^^^^^^^^\n  File \"/Users/mikhailstashenok/Diplom_3_Stashenok_Mikhail/pages/order_feed_page.py\", line 63, in get_order_number_from_history\n    order_number = self.find_element_located(Locators.ORDER_NUMBER_HISTORY).text\n                   ^^^^^^^^^^^^^^^^^^^^^^^^^^^^^^^^^^^^^^^^^^^^^^^^^^^^^^^^\n  File \"/Users/mikhailstashenok/Diplom_3_Stashenok_Mikhail/pages/base_page.py\", line 13, in find_element_located\n    return WebDriverWait(self.driver, time).until(EC.presence_of_element_located(locator),\n           ^^^^^^^^^^^^^^^^^^^^^^^^^^^^^^^^^^^^^^^^^^^^^^^^^^^^^^^^^^^^^^^^^^^^^^^^^^^^^^^\n  File \"/Users/mikhailstashenok/Diplom_3_Stashenok_Mikhail/venv/lib/python3.11/site-packages/selenium/webdriver/support/wait.py\", line 105, in until\n    raise TimeoutException(message, screen, stacktrace)\n"}, "start": 1709832016496, "stop": 1709832036840}], "parameters": [{"name": "driver", "value": "'firefox'"}], "start": 1709832012478, "stop": 1709832036848, "uuid": "60ddfaa9-845a-4af4-9180-300987871554", "historyId": "28981b62aee3107f281ccce8688c3816", "testCaseId": "c9849298fa08cb5de702abf83041f7da", "fullName": "tests.test_order_feed.TestFeedOrder#test_order_in_history_displayed_in_feed", "labels": [{"name": "parentSuite", "value": "tests"}, {"name": "suite", "value": "test_order_feed"}, {"name": "subSuite", "value": "TestFeedOrder"}, {"name": "host", "value": "Mikhails-MacBook-Air.local"}, {"name": "thread", "value": "32752-MainThread"}, {"name": "framework", "value": "pytest"}, {"name": "language", "value": "cpython3"}, {"name": "package", "value": "tests.test_order_feed"}]}